<?xml version="1.0" encoding="UTF-8"?>
<testng-results ignored="0" total="1" passed="1" failed="0" skipped="0">
  <reporter-output>
  </reporter-output>
  <suite started-at="2024-03-12T12:57:52 IST" name="Default suite" finished-at="2024-03-12T12:58:07 IST" duration-ms="14665">
    <groups>
      <group name="cucumber">
        <method signature="AbstractTestNGCucumberTests.runScenario(io.cucumber.testng.PickleWrapper,io.cucumber.testng.FeatureWrapper)[pri:0, instance:runner.loginRunner@4803b726]" name="runScenario" class="io.cucumber.testng.AbstractTestNGCucumberTests"/>
      </group> <!-- cucumber -->
    </groups>
    <test started-at="2024-03-12T12:57:52 IST" name="Default test" finished-at="2024-03-12T12:58:07 IST" duration-ms="14665">
      <class name="runner.loginRunner">
        <test-method is-config="true" signature="setUpClass(org.testng.ITestContext)[pri:0, instance:runner.loginRunner@4803b726]" started-at="2024-03-12T12:57:52 IST" name="setUpClass" finished-at="2024-03-12T12:57:53 IST" duration-ms="381" status="PASS">
          <params>
            <param index="0">
              <value>
                <![CDATA[org.testng.TestRunner@257cc1fc]]>
              </value>
            </param>
          </params>
          <reporter-output>
          </reporter-output>
        </test-method> <!-- setUpClass -->
        <test-method signature="runScenario(io.cucumber.testng.PickleWrapper,io.cucumber.testng.FeatureWrapper)[pri:0, instance:runner.loginRunner@4803b726]" started-at="2024-03-12T12:57:53 IST" name="runScenario" description="Runs Cucumber Scenarios" data-provider="scenarios" finished-at="2024-03-12T12:58:07 IST" duration-ms="14240" status="PASS">
          <params>
            <param index="0">
              <value>
                <![CDATA["Validating login page"]]>
              </value>
            </param>
            <param index="1">
              <value>
                <![CDATA["Optional[Login feature]"]]>
              </value>
            </param>
          </params>
          <reporter-output>
          </reporter-output>
        </test-method> <!-- runScenario -->
        <test-method is-config="true" signature="tearDownClass()[pri:0, instance:runner.loginRunner@4803b726]" started-at="2024-03-12T12:58:07 IST" name="tearDownClass" finished-at="2024-03-12T12:58:07 IST" duration-ms="9" status="PASS">
          <reporter-output>
          </reporter-output>
        </test-method> <!-- tearDownClass -->
      </class> <!-- runner.loginRunner -->
    </test> <!-- Default test -->
  </suite> <!-- Default suite -->
</testng-results>
